no change     /home/22010759/miniconda3/condabin/conda
no change     /home/22010759/miniconda3/bin/conda
no change     /home/22010759/miniconda3/bin/conda-env
no change     /home/22010759/miniconda3/bin/activate
no change     /home/22010759/miniconda3/bin/deactivate
no change     /home/22010759/miniconda3/etc/profile.d/conda.sh
no change     /home/22010759/miniconda3/etc/fish/conf.d/conda.fish
no change     /home/22010759/miniconda3/shell/condabin/Conda.psm1
no change     /home/22010759/miniconda3/shell/condabin/conda-hook.ps1
no change     /home/22010759/miniconda3/lib/python3.12/site-packages/xontrib/conda.xsh
no change     /home/22010759/miniconda3/etc/profile.d/conda.csh
no change     /home/22010759/.bashrc
No action taken.

>>> [a1] MNIST – Dirichlet
Round 1/100 — Test Acc: 80.47%
Round 2/100 — Test Acc: 92.23%
Round 3/100 — Test Acc: 92.15%
Round 4/100 — Test Acc: 88.79%
Round 5/100 — Test Acc: 95.05%
Round 6/100 — Test Acc: 95.51%
Round 7/100 — Test Acc: 96.32%
Round 8/100 — Test Acc: 95.87%
Round 9/100 — Test Acc: 96.71%
Round 10/100 — Test Acc: 96.99%
Round 11/100 — Test Acc: 97.28%
Round 12/100 — Test Acc: 97.33%
Round 13/100 — Test Acc: 97.68%
Round 14/100 — Test Acc: 97.72%
Round 15/100 — Test Acc: 97.94%
Round 16/100 — Test Acc: 97.99%
Round 17/100 — Test Acc: 98.14%
Round 18/100 — Test Acc: 98.20%
Round 19/100 — Test Acc: 98.26%
Round 20/100 — Test Acc: 98.37%
Round 21/100 — Test Acc: 98.44%
Round 22/100 — Test Acc: 98.51%
Round 23/100 — Test Acc: 98.36%
Round 24/100 — Test Acc: 98.50%
Round 25/100 — Test Acc: 98.52%
Round 26/100 — Test Acc: 98.45%
Round 27/100 — Test Acc: 98.53%
Round 28/100 — Test Acc: 98.65%
Round 29/100 — Test Acc: 98.53%
Round 30/100 — Test Acc: 98.55%
Round 31/100 — Test Acc: 98.54%
Round 32/100 — Test Acc: 98.64%
Round 33/100 — Test Acc: 98.61%
Round 34/100 — Test Acc: 98.65%
Round 35/100 — Test Acc: 98.64%
Round 36/100 — Test Acc: 98.74%
Round 37/100 — Test Acc: 98.74%
Round 38/100 — Test Acc: 98.73%
Round 39/100 — Test Acc: 98.82%
Round 40/100 — Test Acc: 98.79%
Round 41/100 — Test Acc: 98.70%
Round 42/100 — Test Acc: 98.82%
Round 43/100 — Test Acc: 98.78%
Round 44/100 — Test Acc: 98.88%
Round 45/100 — Test Acc: 98.85%
Round 46/100 — Test Acc: 98.79%
Round 47/100 — Test Acc: 98.71%
Round 48/100 — Test Acc: 98.84%
Round 49/100 — Test Acc: 98.76%
Round 50/100 — Test Acc: 98.73%
Round 51/100 — Test Acc: 98.82%
Round 52/100 — Test Acc: 98.91%
Round 53/100 — Test Acc: 98.88%
Round 54/100 — Test Acc: 98.88%
Round 55/100 — Test Acc: 98.88%
Round 56/100 — Test Acc: 98.92%
Round 57/100 — Test Acc: 98.88%
Round 58/100 — Test Acc: 98.87%
Round 59/100 — Test Acc: 98.85%
Round 60/100 — Test Acc: 98.96%
Round 61/100 — Test Acc: 98.87%
Round 62/100 — Test Acc: 98.82%
Round 63/100 — Test Acc: 98.95%
Round 64/100 — Test Acc: 98.86%
Round 65/100 — Test Acc: 98.90%
Round 66/100 — Test Acc: 98.90%
Round 67/100 — Test Acc: 98.90%
Round 68/100 — Test Acc: 98.89%
Round 69/100 — Test Acc: 98.84%
Round 70/100 — Test Acc: 98.81%
Round 71/100 — Test Acc: 98.90%
Round 72/100 — Test Acc: 98.88%
Round 73/100 — Test Acc: 98.92%
Round 74/100 — Test Acc: 98.99%
Round 75/100 — Test Acc: 98.97%
Round 76/100 — Test Acc: 98.65%
Round 77/100 — Test Acc: 98.95%
Round 78/100 — Test Acc: 98.98%
Round 79/100 — Test Acc: 99.05%
Round 80/100 — Test Acc: 98.99%
Round 81/100 — Test Acc: 98.96%
Round 82/100 — Test Acc: 99.02%
Round 83/100 — Test Acc: 99.04%
Round 84/100 — Test Acc: 98.32%
Round 85/100 — Test Acc: 98.92%
Round 86/100 — Test Acc: 98.92%
Round 87/100 — Test Acc: 98.78%
Round 88/100 — Test Acc: 98.73%
Round 89/100 — Test Acc: 98.92%
Round 90/100 — Test Acc: 98.93%
Round 91/100 — Test Acc: 98.92%
Round 92/100 — Test Acc: 98.76%
Round 93/100 — Test Acc: 98.87%
Round 94/100 — Test Acc: 98.33%
Round 95/100 — Test Acc: 98.91%
Round 96/100 — Test Acc: 98.96%
Round 97/100 — Test Acc: 98.82%
Round 98/100 — Test Acc: 98.96%
Round 99/100 — Test Acc: 98.96%
Round 100/100 — Test Acc: 98.86%

>>> [a2] MNIST – Dirichlet
Initial accuracy: 0.0966
[MNIST_dirichlet] Round 1/100
  Accuracy: 0.9072 | Client Reward: 2.2481 | Server Reward: 0.8106 | Total Reward: 3.0587
[MNIST_dirichlet] Round 2/100
  Accuracy: 0.9697 | Client Reward: 1.3143 | Server Reward: 0.0625 | Total Reward: 1.3768
[MNIST_dirichlet] Round 3/100
  Accuracy: 0.9831 | Client Reward: 0.1163 | Server Reward: 0.0134 | Total Reward: 0.1297
[MNIST_dirichlet] Round 4/100
  Accuracy: 0.9814 | Client Reward: 0.0435 | Server Reward: -0.0017 | Total Reward: 0.0418
[MNIST_dirichlet] Round 5/100
  Accuracy: 0.9852 | Client Reward: 0.0571 | Server Reward: 0.0038 | Total Reward: 0.0609
[MNIST_dirichlet] Round 6/100
  Accuracy: 0.9887 | Client Reward: 0.0533 | Server Reward: 0.0035 | Total Reward: 0.0568
[MNIST_dirichlet] Round 7/100
  Accuracy: 0.9895 | Client Reward: 0.0349 | Server Reward: 0.0008 | Total Reward: 0.0357
[MNIST_dirichlet] Round 8/100
  Accuracy: 0.9901 | Client Reward: 0.0265 | Server Reward: 0.0006 | Total Reward: 0.0271
[MNIST_dirichlet] Round 9/100
  Accuracy: 0.9904 | Client Reward: 0.0281 | Server Reward: 0.0003 | Total Reward: 0.0284
[MNIST_dirichlet] Round 10/100
  Accuracy: 0.9900 | Client Reward: 0.0278 | Server Reward: -0.0004 | Total Reward: 0.0274
[MNIST_dirichlet] Round 11/100
  Accuracy: 0.9904 | Client Reward: 0.0292 | Server Reward: 0.0004 | Total Reward: 0.0296
[MNIST_dirichlet] Round 12/100
  Accuracy: 0.9904 | Client Reward: 0.0332 | Server Reward: 0.0000 | Total Reward: 0.0332
[MNIST_dirichlet] Round 13/100
  Accuracy: 0.9903 | Client Reward: 0.0225 | Server Reward: -0.0001 | Total Reward: 0.0224
[MNIST_dirichlet] Round 14/100
  Accuracy: 0.9902 | Client Reward: 0.0213 | Server Reward: -0.0001 | Total Reward: 0.0212
[MNIST_dirichlet] Round 15/100
  Accuracy: 0.9911 | Client Reward: 0.0207 | Server Reward: 0.0009 | Total Reward: 0.0216
[MNIST_dirichlet] Round 16/100
  Accuracy: 0.9905 | Client Reward: 0.0198 | Server Reward: -0.0006 | Total Reward: 0.0192
[MNIST_dirichlet] Round 17/100
  Accuracy: 0.9910 | Client Reward: 0.0234 | Server Reward: 0.0005 | Total Reward: 0.0239
[MNIST_dirichlet] Round 18/100
  Accuracy: 0.9902 | Client Reward: 0.0203 | Server Reward: -0.0008 | Total Reward: 0.0195
[MNIST_dirichlet] Round 19/100
  Accuracy: 0.9913 | Client Reward: 0.0211 | Server Reward: 0.0011 | Total Reward: 0.0222
[MNIST_dirichlet] Round 20/100
  Accuracy: 0.9909 | Client Reward: 0.0165 | Server Reward: -0.0004 | Total Reward: 0.0161
[MNIST_dirichlet] Round 21/100
  Accuracy: 0.9920 | Client Reward: 0.0178 | Server Reward: 0.0011 | Total Reward: 0.0189
[MNIST_dirichlet] Round 22/100
  Accuracy: 0.9914 | Client Reward: 0.0167 | Server Reward: -0.0006 | Total Reward: 0.0161
[MNIST_dirichlet] Round 23/100
  Accuracy: 0.9911 | Client Reward: 0.0197 | Server Reward: -0.0003 | Total Reward: 0.0194
[MNIST_dirichlet] Round 24/100
  Accuracy: 0.9916 | Client Reward: 0.0162 | Server Reward: 0.0005 | Total Reward: 0.0167
[MNIST_dirichlet] Round 25/100
  Accuracy: 0.9913 | Client Reward: 0.0167 | Server Reward: -0.0003 | Total Reward: 0.0164
[MNIST_dirichlet] Round 26/100
  Accuracy: 0.9918 | Client Reward: 0.0084 | Server Reward: 0.0005 | Total Reward: 0.0089
[MNIST_dirichlet] Round 27/100
  Accuracy: 0.9917 | Client Reward: 0.0137 | Server Reward: -0.0001 | Total Reward: 0.0136
[MNIST_dirichlet] Round 28/100
  Accuracy: 0.9916 | Client Reward: 0.0129 | Server Reward: -0.0001 | Total Reward: 0.0128
[MNIST_dirichlet] Round 29/100
  Accuracy: 0.9916 | Client Reward: 0.0134 | Server Reward: 0.0000 | Total Reward: 0.0134
[MNIST_dirichlet] Round 30/100
  Accuracy: 0.9914 | Client Reward: 0.0155 | Server Reward: -0.0002 | Total Reward: 0.0153
[MNIST_dirichlet] Round 31/100
  Accuracy: 0.9909 | Client Reward: 0.0148 | Server Reward: -0.0005 | Total Reward: 0.0143
[MNIST_dirichlet] Round 32/100
  Accuracy: 0.9915 | Client Reward: 0.0156 | Server Reward: 0.0006 | Total Reward: 0.0162
[MNIST_dirichlet] Round 33/100
  Accuracy: 0.9914 | Client Reward: 0.0155 | Server Reward: -0.0001 | Total Reward: 0.0154
[MNIST_dirichlet] Round 34/100
  Accuracy: 0.9900 | Client Reward: 0.0105 | Server Reward: -0.0014 | Total Reward: 0.0091
[MNIST_dirichlet] Round 35/100
  Accuracy: 0.9914 | Client Reward: 0.0160 | Server Reward: 0.0014 | Total Reward: 0.0174
[MNIST_dirichlet] Round 36/100
  Accuracy: 0.9908 | Client Reward: 0.0123 | Server Reward: -0.0006 | Total Reward: 0.0117
[MNIST_dirichlet] Round 37/100
  Accuracy: 0.9918 | Client Reward: 0.0138 | Server Reward: 0.0010 | Total Reward: 0.0148
[MNIST_dirichlet] Round 38/100
  Accuracy: 0.9907 | Client Reward: 0.0100 | Server Reward: -0.0011 | Total Reward: 0.0089
[MNIST_dirichlet] Round 39/100
  Accuracy: 0.9912 | Client Reward: 0.0088 | Server Reward: 0.0005 | Total Reward: 0.0093
[MNIST_dirichlet] Round 40/100
  Accuracy: 0.9914 | Client Reward: 0.0159 | Server Reward: 0.0002 | Total Reward: 0.0161
[MNIST_dirichlet] Round 41/100
  Accuracy: 0.9914 | Client Reward: 0.0129 | Server Reward: 0.0000 | Total Reward: 0.0129
[MNIST_dirichlet] Round 42/100
  Accuracy: 0.9909 | Client Reward: 0.0112 | Server Reward: -0.0005 | Total Reward: 0.0107
[MNIST_dirichlet] Round 43/100
  Accuracy: 0.9906 | Client Reward: 0.0126 | Server Reward: -0.0003 | Total Reward: 0.0123
[MNIST_dirichlet] Round 44/100
  Accuracy: 0.9920 | Client Reward: 0.0119 | Server Reward: 0.0014 | Total Reward: 0.0133
[MNIST_dirichlet] Round 45/100
  Accuracy: 0.9919 | Client Reward: 0.0139 | Server Reward: -0.0001 | Total Reward: 0.0138
[MNIST_dirichlet] Round 46/100
  Accuracy: 0.9908 | Client Reward: 0.0102 | Server Reward: -0.0011 | Total Reward: 0.0091
[MNIST_dirichlet] Round 47/100
  Accuracy: 0.9914 | Client Reward: 0.0062 | Server Reward: 0.0006 | Total Reward: 0.0068
[MNIST_dirichlet] Round 48/100
  Accuracy: 0.9915 | Client Reward: 0.0089 | Server Reward: 0.0001 | Total Reward: 0.0090
[MNIST_dirichlet] Round 49/100
  Accuracy: 0.9914 | Client Reward: 0.0107 | Server Reward: -0.0001 | Total Reward: 0.0106
[MNIST_dirichlet] Round 50/100
  Accuracy: 0.9912 | Client Reward: 0.0045 | Server Reward: -0.0002 | Total Reward: 0.0043
[MNIST_dirichlet] Round 51/100
  Accuracy: 0.9906 | Client Reward: 0.0095 | Server Reward: -0.0006 | Total Reward: 0.0089
[MNIST_dirichlet] Round 52/100
  Accuracy: 0.9916 | Client Reward: 0.0134 | Server Reward: 0.0010 | Total Reward: 0.0144
[MNIST_dirichlet] Round 53/100
  Accuracy: 0.9914 | Client Reward: 0.0103 | Server Reward: -0.0002 | Total Reward: 0.0101
[MNIST_dirichlet] Round 54/100
  Accuracy: 0.9908 | Client Reward: 0.0031 | Server Reward: -0.0006 | Total Reward: 0.0025
[MNIST_dirichlet] Round 55/100
  Accuracy: 0.9908 | Client Reward: 0.0108 | Server Reward: 0.0000 | Total Reward: 0.0108
[MNIST_dirichlet] Round 56/100
  Accuracy: 0.9916 | Client Reward: 0.0043 | Server Reward: 0.0008 | Total Reward: 0.0051
[MNIST_dirichlet] Round 57/100
  Accuracy: 0.9920 | Client Reward: 0.0076 | Server Reward: 0.0004 | Total Reward: 0.0080
[MNIST_dirichlet] Round 58/100
  Accuracy: 0.9925 | Client Reward: 0.0051 | Server Reward: 0.0005 | Total Reward: 0.0056
[MNIST_dirichlet] Round 59/100
  Accuracy: 0.9924 | Client Reward: 0.0063 | Server Reward: -0.0001 | Total Reward: 0.0062
[MNIST_dirichlet] Round 60/100
  Accuracy: 0.9922 | Client Reward: 0.0053 | Server Reward: -0.0002 | Total Reward: 0.0051
[MNIST_dirichlet] Round 61/100
  Accuracy: 0.9920 | Client Reward: 0.0070 | Server Reward: -0.0002 | Total Reward: 0.0068
[MNIST_dirichlet] Round 62/100
  Accuracy: 0.9914 | Client Reward: 0.0003 | Server Reward: -0.0006 | Total Reward: -0.0003
[MNIST_dirichlet] Round 63/100
  Accuracy: 0.9915 | Client Reward: 0.0095 | Server Reward: 0.0001 | Total Reward: 0.0096
[MNIST_dirichlet] Round 64/100
  Accuracy: 0.9915 | Client Reward: 0.0072 | Server Reward: 0.0000 | Total Reward: 0.0072
[MNIST_dirichlet] Round 65/100
  Accuracy: 0.9919 | Client Reward: -0.0072 | Server Reward: 0.0004 | Total Reward: -0.0068
[MNIST_dirichlet] Round 66/100
  Accuracy: 0.9921 | Client Reward: 0.0044 | Server Reward: 0.0002 | Total Reward: 0.0046
[MNIST_dirichlet] Round 67/100
  Accuracy: 0.9913 | Client Reward: 0.0059 | Server Reward: -0.0008 | Total Reward: 0.0051
[MNIST_dirichlet] Round 68/100
  Accuracy: 0.9918 | Client Reward: 0.0071 | Server Reward: 0.0005 | Total Reward: 0.0076
[MNIST_dirichlet] Round 69/100
  Accuracy: 0.9918 | Client Reward: 0.0035 | Server Reward: 0.0000 | Total Reward: 0.0035
[MNIST_dirichlet] Round 70/100
  Accuracy: 0.9918 | Client Reward: 0.0014 | Server Reward: 0.0000 | Total Reward: 0.0014
[MNIST_dirichlet] Round 71/100
  Accuracy: 0.9919 | Client Reward: 0.0056 | Server Reward: 0.0001 | Total Reward: 0.0057
[MNIST_dirichlet] Round 72/100
  Accuracy: 0.9920 | Client Reward: 0.0064 | Server Reward: 0.0001 | Total Reward: 0.0065
[MNIST_dirichlet] Round 73/100
  Accuracy: 0.9915 | Client Reward: 0.0071 | Server Reward: -0.0005 | Total Reward: 0.0066
[MNIST_dirichlet] Round 74/100
  Accuracy: 0.9918 | Client Reward: 0.0048 | Server Reward: 0.0003 | Total Reward: 0.0051
[MNIST_dirichlet] Round 75/100
  Accuracy: 0.9918 | Client Reward: 0.0061 | Server Reward: 0.0000 | Total Reward: 0.0061
[MNIST_dirichlet] Round 76/100
  Accuracy: 0.9922 | Client Reward: 0.0108 | Server Reward: 0.0004 | Total Reward: 0.0112
[MNIST_dirichlet] Round 77/100
  Accuracy: 0.9918 | Client Reward: 0.0094 | Server Reward: -0.0004 | Total Reward: 0.0090
[MNIST_dirichlet] Round 78/100
  Accuracy: 0.9925 | Client Reward: 0.0057 | Server Reward: 0.0007 | Total Reward: 0.0064
[MNIST_dirichlet] Round 79/100
  Accuracy: 0.9919 | Client Reward: 0.0073 | Server Reward: -0.0006 | Total Reward: 0.0067
[MNIST_dirichlet] Round 80/100
  Accuracy: 0.9927 | Client Reward: 0.0014 | Server Reward: 0.0008 | Total Reward: 0.0022
[MNIST_dirichlet] Round 81/100
  Accuracy: 0.9921 | Client Reward: -0.0041 | Server Reward: -0.0006 | Total Reward: -0.0047
[MNIST_dirichlet] Round 82/100
  Accuracy: 0.9920 | Client Reward: 0.0047 | Server Reward: -0.0001 | Total Reward: 0.0046
[MNIST_dirichlet] Round 83/100
  Accuracy: 0.9919 | Client Reward: 0.0036 | Server Reward: -0.0001 | Total Reward: 0.0035
[MNIST_dirichlet] Round 84/100
  Accuracy: 0.9925 | Client Reward: 0.0022 | Server Reward: 0.0006 | Total Reward: 0.0028
[MNIST_dirichlet] Round 85/100
  Accuracy: 0.9913 | Client Reward: 0.0048 | Server Reward: -0.0012 | Total Reward: 0.0036
[MNIST_dirichlet] Round 86/100
  Accuracy: 0.9914 | Client Reward: 0.0025 | Server Reward: 0.0001 | Total Reward: 0.0026
[MNIST_dirichlet] Round 87/100
  Accuracy: 0.9922 | Client Reward: 0.0040 | Server Reward: 0.0008 | Total Reward: 0.0048
[MNIST_dirichlet] Round 88/100
  Accuracy: 0.9918 | Client Reward: 0.0012 | Server Reward: -0.0004 | Total Reward: 0.0008
[MNIST_dirichlet] Round 89/100
  Accuracy: 0.9918 | Client Reward: 0.0025 | Server Reward: 0.0000 | Total Reward: 0.0025
[MNIST_dirichlet] Round 90/100
  Accuracy: 0.9915 | Client Reward: 0.0028 | Server Reward: -0.0003 | Total Reward: 0.0025
[MNIST_dirichlet] Round 91/100
  Accuracy: 0.9920 | Client Reward: 0.0022 | Server Reward: 0.0005 | Total Reward: 0.0027
[MNIST_dirichlet] Round 92/100
  Accuracy: 0.9919 | Client Reward: 0.0018 | Server Reward: -0.0001 | Total Reward: 0.0017
[MNIST_dirichlet] Round 93/100
  Accuracy: 0.9920 | Client Reward: 0.0008 | Server Reward: 0.0001 | Total Reward: 0.0009
[MNIST_dirichlet] Round 94/100
  Accuracy: 0.9927 | Client Reward: 0.0029 | Server Reward: 0.0007 | Total Reward: 0.0036
[MNIST_dirichlet] Round 95/100
  Accuracy: 0.9924 | Client Reward: 0.0020 | Server Reward: -0.0003 | Total Reward: 0.0017
[MNIST_dirichlet] Round 96/100
  Accuracy: 0.9920 | Client Reward: 0.0031 | Server Reward: -0.0004 | Total Reward: 0.0027
[MNIST_dirichlet] Round 97/100
  Accuracy: 0.9919 | Client Reward: 0.0026 | Server Reward: -0.0001 | Total Reward: 0.0025
[MNIST_dirichlet] Round 98/100
  Accuracy: 0.9921 | Client Reward: 0.0035 | Server Reward: 0.0002 | Total Reward: 0.0037
[MNIST_dirichlet] Round 99/100
  Accuracy: 0.9916 | Client Reward: 0.0037 | Server Reward: -0.0005 | Total Reward: 0.0032
[MNIST_dirichlet] Round 100/100
  Accuracy: 0.9916 | Client Reward: 0.0020 | Server Reward: 0.0000 | Total Reward: 0.0020
Saved history to ./results_a2/MNIST_dirichlet/history.csv
Saved plots to ./results_a2/MNIST_dirichlet

>>> [a3] MNIST – Dirichlet

=== Training MNIST with IID partition ===
Data sizes per client: min=5400, max=5400, avg=5400.0
Round   5: Val=98.63%, Test=98.89%, Loss=0.0595
