no change     /home/22010759/miniconda3/condabin/conda
no change     /home/22010759/miniconda3/bin/conda
no change     /home/22010759/miniconda3/bin/conda-env
no change     /home/22010759/miniconda3/bin/activate
no change     /home/22010759/miniconda3/bin/deactivate
no change     /home/22010759/miniconda3/etc/profile.d/conda.sh
no change     /home/22010759/miniconda3/etc/fish/conf.d/conda.fish
no change     /home/22010759/miniconda3/shell/condabin/Conda.psm1
no change     /home/22010759/miniconda3/shell/condabin/conda-hook.ps1
no change     /home/22010759/miniconda3/lib/python3.12/site-packages/xontrib/conda.xsh
no change     /home/22010759/miniconda3/etc/profile.d/conda.csh
no change     /home/22010759/.bashrc
No action taken.

=== Dataset: MNIST ===

--- Partition: Dirichlet ---
[FedAvg][MNIST][10/100] Test Acc=98.76%
[FedAvg][MNIST][20/100] Test Acc=98.90%
[FedAvg][MNIST][30/100] Test Acc=98.88%
[FedAvg][MNIST][40/100] Test Acc=98.94%
[FedAvg][MNIST][50/100] Test Acc=98.92%
[FedAvg][MNIST][60/100] Test Acc=98.89%
[FedAvg][MNIST][70/100] Test Acc=98.93%
[FedAvg][MNIST][80/100] Test Acc=98.97%
[FedAvg][MNIST][90/100] Test Acc=98.92%
[FedAvg][MNIST][100/100] Test Acc=98.95%
[FedRL-DRL][MNIST][10/100] Test Acc=98.75%, Reward=0.0877
[FedRL-DRL][MNIST][20/100] Test Acc=98.76%, Reward=0.0885
[FedRL-DRL][MNIST][30/100] Test Acc=98.91%, Reward=0.0889
[FedRL-DRL][MNIST][40/100] Test Acc=98.86%, Reward=0.0887
[FedRL-DRL][MNIST][50/100] Test Acc=98.97%, Reward=0.0889
[FedRL-DRL][MNIST][60/100] Test Acc=98.91%, Reward=0.0878
[FedRL-DRL][MNIST][70/100] Test Acc=98.96%, Reward=0.0887
[FedRL-DRL][MNIST][80/100] Test Acc=98.99%, Reward=0.0884
[FedRL-DRL][MNIST][90/100] Test Acc=99.01%, Reward=0.0886
[FedRL-DRL][MNIST][100/100] Test Acc=99.02%, Reward=0.0891
[FedRL-AC][MNIST][10/100] Test Acc=98.71%, Reward=-0.0135
[FedRL-AC][MNIST][20/100] Test Acc=98.98%, Reward=-0.0051
[FedRL-AC][MNIST][30/100] Test Acc=99.02%, Reward=-0.0018
[FedRL-AC][MNIST][40/100] Test Acc=99.02%, Reward=-0.0010
[FedRL-AC][MNIST][50/100] Test Acc=99.04%, Reward=-0.0015
[FedRL-AC][MNIST][60/100] Test Acc=99.05%, Reward=-0.0004
[FedRL-AC][MNIST][70/100] Test Acc=99.07%, Reward=-0.0002
[FedRL-AC][MNIST][80/100] Test Acc=99.05%, Reward=-0.0002
[FedRL-AC][MNIST][90/100] Test Acc=99.06%, Reward=-0.0003
[FedRL-AC][MNIST][100/100] Test Acc=99.02%, Reward=-0.0001

--- Partition: ClusterEq ---
[FedAvg][MNIST][10/100] Test Acc=94.77%
[FedAvg][MNIST][20/100] Test Acc=96.64%
[FedAvg][MNIST][30/100] Test Acc=97.30%
[FedAvg][MNIST][40/100] Test Acc=97.03%
[FedAvg][MNIST][50/100] Test Acc=97.52%
[FedAvg][MNIST][60/100] Test Acc=97.64%
[FedAvg][MNIST][70/100] Test Acc=97.94%
[FedAvg][MNIST][80/100] Test Acc=97.92%
[FedAvg][MNIST][90/100] Test Acc=97.93%
[FedAvg][MNIST][100/100] Test Acc=98.23%
[FedRL-DRL][MNIST][10/100] Test Acc=82.25%, Reward=0.1341
[FedRL-DRL][MNIST][20/100] Test Acc=87.93%, Reward=0.0426
[FedRL-DRL][MNIST][30/100] Test Acc=89.69%, Reward=0.0516
[FedRL-DRL][MNIST][40/100] Test Acc=92.35%, Reward=0.0475
[FedRL-DRL][MNIST][50/100] Test Acc=94.37%, Reward=0.0771
[FedRL-DRL][MNIST][60/100] Test Acc=93.10%, Reward=0.1183
[FedRL-DRL][MNIST][70/100] Test Acc=95.64%, Reward=0.0897
[FedRL-DRL][MNIST][80/100] Test Acc=95.74%, Reward=0.1209
[FedRL-DRL][MNIST][90/100] Test Acc=94.88%, Reward=0.2366
[FedRL-DRL][MNIST][100/100] Test Acc=95.32%, Reward=0.0673
[FedRL-AC][MNIST][10/100] Test Acc=91.14%, Reward=-0.0150
[FedRL-AC][MNIST][20/100] Test Acc=95.97%, Reward=-0.0051
[FedRL-AC][MNIST][30/100] Test Acc=96.77%, Reward=-0.0023
[FedRL-AC][MNIST][40/100] Test Acc=97.22%, Reward=-0.0012
[FedRL-AC][MNIST][50/100] Test Acc=97.26%, Reward=-0.0008
[FedRL-AC][MNIST][60/100] Test Acc=97.45%, Reward=-0.0006
[FedRL-AC][MNIST][70/100] Test Acc=97.84%, Reward=-0.0004
[FedRL-AC][MNIST][80/100] Test Acc=97.90%, Reward=-0.0003
[FedRL-AC][MNIST][90/100] Test Acc=97.99%, Reward=-0.0003
[FedRL-AC][MNIST][100/100] Test Acc=98.00%, Reward=-0.0003

--- Partition: ClusterNonEq ---
[FedAvg][MNIST][10/100] Test Acc=89.80%
[FedAvg][MNIST][20/100] Test Acc=96.25%
[FedAvg][MNIST][30/100] Test Acc=97.32%
[FedAvg][MNIST][40/100] Test Acc=96.99%
[FedAvg][MNIST][50/100] Test Acc=97.83%
[FedAvg][MNIST][60/100] Test Acc=97.58%
[FedAvg][MNIST][70/100] Test Acc=98.06%
[FedAvg][MNIST][80/100] Test Acc=98.16%
[FedAvg][MNIST][90/100] Test Acc=98.14%
[FedAvg][MNIST][100/100] Test Acc=98.31%
[FedRL-DRL][MNIST][10/100] Test Acc=75.30%, Reward=0.1202
[FedRL-DRL][MNIST][20/100] Test Acc=80.93%, Reward=0.0854
[FedRL-DRL][MNIST][30/100] Test Acc=88.55%, Reward=0.1248
[FedRL-DRL][MNIST][40/100] Test Acc=90.00%, Reward=0.0815
[FedRL-DRL][MNIST][50/100] Test Acc=91.76%, Reward=0.0776
[FedRL-DRL][MNIST][60/100] Test Acc=90.52%, Reward=0.1023
[FedRL-DRL][MNIST][70/100] Test Acc=90.99%, Reward=0.0772
[FedRL-DRL][MNIST][80/100] Test Acc=93.70%, Reward=0.0801
[FedRL-DRL][MNIST][90/100] Test Acc=93.82%, Reward=0.1203
[FedRL-DRL][MNIST][100/100] Test Acc=94.52%, Reward=0.0764
[FedRL-AC][MNIST][10/100] Test Acc=88.90%, Reward=-0.0144
[FedRL-AC][MNIST][20/100] Test Acc=94.89%, Reward=-0.0047
[FedRL-AC][MNIST][30/100] Test Acc=95.67%, Reward=-0.0028
[FedRL-AC][MNIST][40/100] Test Acc=96.72%, Reward=-0.0016
[FedRL-AC][MNIST][50/100] Test Acc=96.68%, Reward=-0.0012
[FedRL-AC][MNIST][60/100] Test Acc=97.19%, Reward=-0.0008
[FedRL-AC][MNIST][70/100] Test Acc=97.42%, Reward=-0.0007
[FedRL-AC][MNIST][80/100] Test Acc=97.51%, Reward=-0.0005
[FedRL-AC][MNIST][90/100] Test Acc=97.50%, Reward=-0.0008
[FedRL-AC][MNIST][100/100] Test Acc=97.81%, Reward=-0.0003
