no change     /home/22010759/miniconda3/condabin/conda
no change     /home/22010759/miniconda3/bin/conda
no change     /home/22010759/miniconda3/bin/conda-env
no change     /home/22010759/miniconda3/bin/activate
no change     /home/22010759/miniconda3/bin/deactivate
no change     /home/22010759/miniconda3/etc/profile.d/conda.sh
no change     /home/22010759/miniconda3/etc/fish/conf.d/conda.fish
no change     /home/22010759/miniconda3/shell/condabin/Conda.psm1
no change     /home/22010759/miniconda3/shell/condabin/conda-hook.ps1
no change     /home/22010759/miniconda3/lib/python3.12/site-packages/xontrib/conda.xsh
no change     /home/22010759/miniconda3/etc/profile.d/conda.csh
no change     /home/22010759/.bashrc
No action taken.

=== Dataset: FashionMNIST ===

--- Partition: Dirichlet ---
[FedAvg][FashionMNIST][10/100] Test Acc=90.47%
[FedAvg][FashionMNIST][20/100] Test Acc=91.47%
[FedAvg][FashionMNIST][30/100] Test Acc=91.70%
[FedAvg][FashionMNIST][40/100] Test Acc=91.73%
[FedAvg][FashionMNIST][50/100] Test Acc=91.83%
[FedAvg][FashionMNIST][60/100] Test Acc=91.93%
[FedAvg][FashionMNIST][70/100] Test Acc=92.04%
[FedAvg][FashionMNIST][80/100] Test Acc=91.95%
[FedAvg][FashionMNIST][90/100] Test Acc=92.00%
[FedAvg][FashionMNIST][100/100] Test Acc=91.71%
[FedRL-DRL][FashionMNIST][10/100] Test Acc=90.80%, Reward=0.0856
[FedRL-DRL][FashionMNIST][20/100] Test Acc=90.89%, Reward=0.0870
[FedRL-DRL][FashionMNIST][30/100] Test Acc=90.37%, Reward=0.0849
[FedRL-DRL][FashionMNIST][40/100] Test Acc=90.66%, Reward=0.0824
[FedRL-DRL][FashionMNIST][50/100] Test Acc=90.62%, Reward=0.0813
[FedRL-DRL][FashionMNIST][60/100] Test Acc=53.65%, Reward=-0.3195
[FedRL-DRL][FashionMNIST][70/100] Test Acc=90.22%, Reward=0.0807
[FedRL-DRL][FashionMNIST][80/100] Test Acc=87.71%, Reward=0.0549
[FedRL-DRL][FashionMNIST][90/100] Test Acc=90.42%, Reward=0.0855
[FedRL-DRL][FashionMNIST][100/100] Test Acc=73.28%, Reward=0.1522
[FedRL-AC][FashionMNIST][10/100] Test Acc=90.30%, Reward=-0.1473
[FedRL-AC][FashionMNIST][20/100] Test Acc=91.57%, Reward=-0.0747
[FedRL-AC][FashionMNIST][30/100] Test Acc=91.74%, Reward=-0.0379
[FedRL-AC][FashionMNIST][40/100] Test Acc=91.84%, Reward=-0.0187
[FedRL-AC][FashionMNIST][50/100] Test Acc=91.88%, Reward=-0.0087
[FedRL-AC][FashionMNIST][60/100] Test Acc=91.84%, Reward=-0.0060
[FedRL-AC][FashionMNIST][70/100] Test Acc=91.86%, Reward=-0.0036
[FedRL-AC][FashionMNIST][80/100] Test Acc=91.86%, Reward=-0.0031
[FedRL-AC][FashionMNIST][90/100] Test Acc=91.99%, Reward=-0.0023
[FedRL-AC][FashionMNIST][100/100] Test Acc=92.09%, Reward=-0.0017

--- Partition: ClusterEq ---
[FedAvg][FashionMNIST][10/100] Test Acc=71.70%
[FedAvg][FashionMNIST][20/100] Test Acc=76.49%
[FedAvg][FashionMNIST][30/100] Test Acc=81.01%
[FedAvg][FashionMNIST][40/100] Test Acc=78.48%
[FedAvg][FashionMNIST][50/100] Test Acc=81.02%
[FedAvg][FashionMNIST][60/100] Test Acc=82.89%
[FedAvg][FashionMNIST][70/100] Test Acc=83.53%
[FedAvg][FashionMNIST][80/100] Test Acc=83.36%
[FedAvg][FashionMNIST][90/100] Test Acc=80.87%
[FedAvg][FashionMNIST][100/100] Test Acc=80.81%
[FedRL-DRL][FashionMNIST][10/100] Test Acc=35.20%, Reward=0.0030
[FedRL-DRL][FashionMNIST][20/100] Test Acc=55.96%, Reward=0.0296
[FedRL-DRL][FashionMNIST][30/100] Test Acc=50.56%, Reward=-0.1565
[FedRL-DRL][FashionMNIST][40/100] Test Acc=66.45%, Reward=0.1286
[FedRL-DRL][FashionMNIST][50/100] Test Acc=62.45%, Reward=-0.0140
[FedRL-DRL][FashionMNIST][60/100] Test Acc=61.65%, Reward=0.0116
[FedRL-DRL][FashionMNIST][70/100] Test Acc=63.88%, Reward=0.0446
[FedRL-DRL][FashionMNIST][80/100] Test Acc=72.64%, Reward=0.0267
[FedRL-DRL][FashionMNIST][90/100] Test Acc=70.39%, Reward=0.2688
[FedRL-DRL][FashionMNIST][100/100] Test Acc=62.59%, Reward=-0.0500
[FedRL-AC][FashionMNIST][10/100] Test Acc=65.67%, Reward=-0.1610
[FedRL-AC][FashionMNIST][20/100] Test Acc=76.45%, Reward=-0.0337
[FedRL-AC][FashionMNIST][30/100] Test Acc=81.59%, Reward=-0.0161
[FedRL-AC][FashionMNIST][40/100] Test Acc=81.40%, Reward=-0.0101
[FedRL-AC][FashionMNIST][50/100] Test Acc=83.30%, Reward=-0.0078
[FedRL-AC][FashionMNIST][60/100] Test Acc=83.01%, Reward=-0.0053
[FedRL-AC][FashionMNIST][70/100] Test Acc=81.91%, Reward=-0.0045
[FedRL-AC][FashionMNIST][80/100] Test Acc=84.85%, Reward=-0.0041
[FedRL-AC][FashionMNIST][90/100] Test Acc=83.77%, Reward=-0.0030
[FedRL-AC][FashionMNIST][100/100] Test Acc=85.16%, Reward=-0.0021

--- Partition: ClusterNonEq ---
[FedAvg][FashionMNIST][10/100] Test Acc=66.99%
[FedAvg][FashionMNIST][20/100] Test Acc=70.61%
[FedAvg][FashionMNIST][30/100] Test Acc=72.20%
[FedAvg][FashionMNIST][40/100] Test Acc=81.40%
[FedAvg][FashionMNIST][50/100] Test Acc=76.95%
[FedAvg][FashionMNIST][60/100] Test Acc=75.53%
[FedAvg][FashionMNIST][70/100] Test Acc=81.60%
[FedAvg][FashionMNIST][80/100] Test Acc=77.18%
[FedAvg][FashionMNIST][90/100] Test Acc=80.75%
[FedAvg][FashionMNIST][100/100] Test Acc=79.03%
[FedRL-DRL][FashionMNIST][10/100] Test Acc=48.38%, Reward=-0.0061
[FedRL-DRL][FashionMNIST][20/100] Test Acc=37.01%, Reward=-0.0431
[FedRL-DRL][FashionMNIST][30/100] Test Acc=54.67%, Reward=-0.0020
[FedRL-DRL][FashionMNIST][40/100] Test Acc=54.22%, Reward=0.0954
[FedRL-DRL][FashionMNIST][50/100] Test Acc=37.57%, Reward=-0.0311
[FedRL-DRL][FashionMNIST][60/100] Test Acc=53.32%, Reward=0.0427
[FedRL-DRL][FashionMNIST][70/100] Test Acc=49.99%, Reward=-0.0395
[FedRL-DRL][FashionMNIST][80/100] Test Acc=10.00%, Reward=0.0000
[FedRL-DRL][FashionMNIST][90/100] Test Acc=10.00%, Reward=0.0000
[FedRL-DRL][FashionMNIST][100/100] Test Acc=10.00%, Reward=0.0000
[FedRL-AC][FashionMNIST][10/100] Test Acc=64.58%, Reward=-0.0686
[FedRL-AC][FashionMNIST][20/100] Test Acc=71.51%, Reward=-0.0139
[FedRL-AC][FashionMNIST][30/100] Test Acc=76.32%, Reward=-0.0105
[FedRL-AC][FashionMNIST][40/100] Test Acc=79.73%, Reward=-0.0071
[FedRL-AC][FashionMNIST][50/100] Test Acc=77.96%, Reward=-0.0036
[FedRL-AC][FashionMNIST][60/100] Test Acc=79.93%, Reward=-0.0029
[FedRL-AC][FashionMNIST][70/100] Test Acc=79.13%, Reward=-0.0044
[FedRL-AC][FashionMNIST][80/100] Test Acc=80.67%, Reward=-0.0046
[FedRL-AC][FashionMNIST][90/100] Test Acc=83.64%, Reward=-0.0018
[FedRL-AC][FashionMNIST][100/100] Test Acc=77.65%, Reward=-0.0032
